<?xml version="1.0" encoding="UTF-8"?>
<coverage generated="1754833212535" clover="3.2.0">
  <project timestamp="1754833212536" name="All files">
    <metrics statements="40" coveredstatements="40" conditionals="13" coveredconditionals="12" methods="9" coveredmethods="9" elements="62" coveredelements="61" complexity="0" loc="40" ncloc="40" packages="1" files="7" classes="7"/>
    <file name="Bowman.js" path="C:\Users\Mark\Desktop\game-characters\game-characters\src\Bowman.js">
      <metrics statements="3" coveredstatements="3" conditionals="0" coveredconditionals="0" methods="1" coveredmethods="1"/>
      <line num="5" count="1" type="stmt"/>
      <line num="6" count="1" type="stmt"/>
      <line num="7" count="1" type="stmt"/>
    </file>
    <file name="Character.js" path="C:\Users\Mark\Desktop\game-characters\game-characters\src\Character.js">
      <metrics statements="22" coveredstatements="22" conditionals="13" coveredconditionals="12" methods="3" coveredmethods="3"/>
      <line num="3" count="14" type="cond" truecount="5" falsecount="0"/>
      <line num="4" count="2" type="stmt"/>
      <line num="7" count="12" type="stmt"/>
      <line num="8" count="12" type="cond" truecount="2" falsecount="0"/>
      <line num="9" count="1" type="stmt"/>
      <line num="12" count="11" type="stmt"/>
      <line num="13" count="11" type="stmt"/>
      <line num="14" count="11" type="stmt"/>
      <line num="15" count="11" type="stmt"/>
      <line num="17" count="11" type="stmt"/>
      <line num="18" count="11" type="stmt"/>
      <line num="22" count="2" type="cond" truecount="2" falsecount="0"/>
      <line num="23" count="1" type="stmt"/>
      <line num="26" count="1" type="stmt"/>
      <line num="27" count="1" type="stmt"/>
      <line num="28" count="1" type="stmt"/>
      <line num="29" count="1" type="stmt"/>
      <line num="33" count="2" type="cond" truecount="1" falsecount="1"/>
      <line num="35" count="2" type="stmt"/>
      <line num="36" count="2" type="stmt"/>
      <line num="38" count="2" type="cond" truecount="2" falsecount="0"/>
      <line num="39" count="1" type="stmt"/>
    </file>
    <file name="Daemon.js" path="C:\Users\Mark\Desktop\game-characters\game-characters\src\Daemon.js">
      <metrics statements="3" coveredstatements="3" conditionals="0" coveredconditionals="0" methods="1" coveredmethods="1"/>
      <line num="5" count="1" type="stmt"/>
      <line num="6" count="1" type="stmt"/>
      <line num="7" count="1" type="stmt"/>
    </file>
    <file name="Magician.js" path="C:\Users\Mark\Desktop\game-characters\game-characters\src\Magician.js">
      <metrics statements="3" coveredstatements="3" conditionals="0" coveredconditionals="0" methods="1" coveredmethods="1"/>
      <line num="5" count="1" type="stmt"/>
      <line num="6" count="1" type="stmt"/>
      <line num="7" count="1" type="stmt"/>
    </file>
    <file name="Swordsman.js" path="C:\Users\Mark\Desktop\game-characters\game-characters\src\Swordsman.js">
      <metrics statements="3" coveredstatements="3" conditionals="0" coveredconditionals="0" methods="1" coveredmethods="1"/>
      <line num="5" count="1" type="stmt"/>
      <line num="6" count="1" type="stmt"/>
      <line num="7" count="1" type="stmt"/>
    </file>
    <file name="Undead.js" path="C:\Users\Mark\Desktop\game-characters\game-characters\src\Undead.js">
      <metrics statements="3" coveredstatements="3" conditionals="0" coveredconditionals="0" methods="1" coveredmethods="1"/>
      <line num="5" count="1" type="stmt"/>
      <line num="6" count="1" type="stmt"/>
      <line num="7" count="1" type="stmt"/>
    </file>
    <file name="Zombie.js" path="C:\Users\Mark\Desktop\game-characters\game-characters\src\Zombie.js">
      <metrics statements="3" coveredstatements="3" conditionals="0" coveredconditionals="0" methods="1" coveredmethods="1"/>
      <line num="5" count="1" type="stmt"/>
      <line num="6" count="1" type="stmt"/>
      <line num="7" count="1" type="stmt"/>
    </file>
  </project>
</coverage>
